Build started 22-11-2015 14:10:15.
     1>Project "C:\Users\Michael\Documents\school\Kmint\Final game\SDLFramework\SDLFramework\SDLFramework.vcxproj" on node 2 (Build target(s)).
     1>ClCompile:
         C:\Program Files (x86)\Microsoft Visual Studio 14.0\VC\bin\CL.exe /c /I"C:\Users\Michael\Documents\school\Kmint\Final game\SDLFramework\SDLFramework\../../SDL2-2.0.3/include" /I"C:\Users\Michael\Documents\school\Kmint\Final game\SDLFramework\SDLFramework\../../SDL2_ttf-2.0.12/include" /I"C:\Users\Michael\Documents\school\Kmint\Final game\SDLFramework\SDLFramework\../../SDL2_image-2.0.0/include" /ZI /nologo /W3 /WX- /sdl /Od /Oy- /D WIN32 /D _DEBUG /D _CONSOLE /D _LIB /D _UNICODE /D UNICODE /Gm /EHsc /RTC1 /MDd /GS /fp:precise /Zc:wchar_t /Zc:forScope /Zc:inline /Fo"Debug\\" /Fd"Debug\vc140.pdb" /Gd /TP /analyze- /errorReport:prompt Main.cpp
         Main.cpp
     1>c:\users\michael\documents\school\kmint\final game\sdlframework\sdlframework\main.cpp(48): error C2248: 'Game::moveHero': cannot access private member declared in class 'Game'
         c:\users\michael\documents\school\kmint\final game\sdlframework\sdlframework\game.h(18): note: see declaration of 'Game::moveHero'
         c:\users\michael\documents\school\kmint\final game\sdlframework\sdlframework\game.h(9): note: see declaration of 'Game'
     1>Done Building Project "C:\Users\Michael\Documents\school\Kmint\Final game\SDLFramework\SDLFramework\SDLFramework.vcxproj" (Build target(s)) -- FAILED.

Build FAILED.

Time Elapsed 00:00:00.65
